Traceback (most recent call last):
  File "/opt/hostedtoolcache/Python/3.11.14/x64/lib/python3.11/site-packages/jupyter_cache/executors/utils.py", line 58, in single_nb_execution
    executenb(
  File "/opt/hostedtoolcache/Python/3.11.14/x64/lib/python3.11/site-packages/nbclient/client.py", line 1319, in execute
    return NotebookClient(nb=nb, resources=resources, km=km, **kwargs).execute()
           ^^^^^^^^^^^^^^^^^^^^^^^^^^^^^^^^^^^^^^^^^^^^^^^^^^^^^^^^^^^^^^^^^^^^^
  File "/opt/hostedtoolcache/Python/3.11.14/x64/lib/python3.11/site-packages/jupyter_core/utils/__init__.py", line 165, in wrapped
    return loop.run_until_complete(inner)
           ^^^^^^^^^^^^^^^^^^^^^^^^^^^^^^
  File "/opt/hostedtoolcache/Python/3.11.14/x64/lib/python3.11/asyncio/base_events.py", line 654, in run_until_complete
    return future.result()
           ^^^^^^^^^^^^^^^
  File "/opt/hostedtoolcache/Python/3.11.14/x64/lib/python3.11/site-packages/nbclient/client.py", line 709, in async_execute
    await self.async_execute_cell(
  File "/opt/hostedtoolcache/Python/3.11.14/x64/lib/python3.11/site-packages/nbclient/client.py", line 1062, in async_execute_cell
    await self._check_raise_for_error(cell, cell_index, exec_reply)
  File "/opt/hostedtoolcache/Python/3.11.14/x64/lib/python3.11/site-packages/nbclient/client.py", line 918, in _check_raise_for_error
    raise CellExecutionError.from_cell_and_msg(cell, exec_reply_content)
nbclient.exceptions.CellExecutionError: An error occurred while executing the following cell:
------------------
mse_fig, mse_ax = plt.subplots(ncols=2, figsize=(14, 6))

#########
# Lasso #
#########

lasso_alphas = lasso_model.alphas_
lasso_mse = lasso_model.mse_path_

# Cross-validation MSEs
mse_ax[0].semilogx(lasso_alphas,
                   lasso_mse,
                   linestyle="dashed",
                   color="blue",
                   alpha=0.2)

# Mean MSE
mse_ax[0].plot(lasso_alphas,
               lasso_mse.mean(axis=-1),
               color="black",
               label="Mean MSE Across Folds",
               linewidth=2)
# Chosen alpha
mse_ax[0].axvline(lasso_model.alpha_,
                  linestyle='--',
                  color="black",
                  label=r"Chosen $\alpha$")
mse_ax[0].legend()
mse_ax[0].set_xlabel(r'$\alpha$')
mse_ax[0].set_ylabel("MSE")
mse_ax[0].set_title("Lasso: Mean Squared Error (MSE) Across Folds")

#########
# Ridge #
#########

ridge_alphas = ridge_model.alphas
ridge_mse = ridge_model.cv_values_.T

# Cross-validation MSEs
mse_ax[1].semilogx(ridge_alphas,
                   ridge_mse,
                   linestyle="dashed",
                   color="blue",
                   alpha=0.2)
# Mean MSE
mse_ax[1].plot(ridge_alphas,
               ridge_mse.mean(axis=-1),
               color="black",
               label="Mean MSE Across Folds",
               linewidth=2)
# Chosen alpha
mse_ax[1].axvline(ridge_model.alpha_,
                  linestyle='--',
                  color="black",
                  label=r"Chosen $\alpha$")
mse_ax[1].legend()
mse_ax[1].set_xlabel(r'$\alpha$')
mse_ax[1].set_ylabel("MSE")
mse_ax[1].ticklabel_format(style="plain", axis="y")
mse_ax[1].set_ylim(mse_ax[0].get_ylim())
_ = mse_ax[1].set_title("Ridge: Mean Squared Error (MSE) Across Folds")
------------------


[31m---------------------------------------------------------------------------[39m
[31mAttributeError[39m                            Traceback (most recent call last)
[36mCell[39m[36m [39m[32mIn[25][39m[32m, line 38[39m
[32m     33[39m [38;5;66;03m#########[39;00m
[32m     34[39m [38;5;66;03m# Ridge #[39;00m
[32m     35[39m [38;5;66;03m#########[39;00m
[32m     37[39m ridge_alphas = ridge_model.alphas
[32m---> [39m[32m38[39m ridge_mse = [43mridge_model[49m[43m.[49m[43mcv_values_[49m.T
[32m     40[39m [38;5;66;03m# Cross-validation MSEs[39;00m
[32m     41[39m mse_ax[[32m1[39m].semilogx(ridge_alphas,
[32m     42[39m                    ridge_mse,
[32m     43[39m                    linestyle=[33m"[39m[33mdashed[39m[33m"[39m,
[32m     44[39m                    color=[33m"[39m[33mblue[39m[33m"[39m,
[32m     45[39m                    alpha=[32m0.2[39m)

[31mAttributeError[39m: 'RidgeCV' object has no attribute 'cv_values_'

