Traceback (most recent call last):
  File "/opt/hostedtoolcache/Python/3.10.13/x64/lib/python3.10/site-packages/jupyter_cache/executors/utils.py", line 58, in single_nb_execution
    executenb(
  File "/opt/hostedtoolcache/Python/3.10.13/x64/lib/python3.10/site-packages/nbclient/client.py", line 1305, in execute
    return NotebookClient(nb=nb, resources=resources, km=km, **kwargs).execute()
  File "/opt/hostedtoolcache/Python/3.10.13/x64/lib/python3.10/site-packages/jupyter_core/utils/__init__.py", line 173, in wrapped
    return loop.run_until_complete(inner)
  File "/opt/hostedtoolcache/Python/3.10.13/x64/lib/python3.10/asyncio/base_events.py", line 649, in run_until_complete
    return future.result()
  File "/opt/hostedtoolcache/Python/3.10.13/x64/lib/python3.10/site-packages/nbclient/client.py", line 705, in async_execute
    await self.async_execute_cell(
  File "/opt/hostedtoolcache/Python/3.10.13/x64/lib/python3.10/site-packages/nbclient/client.py", line 1058, in async_execute_cell
    await self._check_raise_for_error(cell, cell_index, exec_reply)
  File "/opt/hostedtoolcache/Python/3.10.13/x64/lib/python3.10/site-packages/nbclient/client.py", line 914, in _check_raise_for_error
    raise CellExecutionError.from_cell_and_msg(cell, exec_reply_content)
nbclient.exceptions.CellExecutionError: An error occurred while executing the following cell:
------------------
import numpy as np
import pandas as pd

# Select some sample indices
sample_indices = np.linspace(0, len(X) - 4, 4, dtype=int)
sample_indices = [index for i in sample_indices for index in range(i, i + 4)]

# Print data table (features and target)
data.iloc[sample_indices, :].style.set_properties(**{
    "text-align": "center",
}).set_properties(**{
    "border-left": "4px solid black"
}, subset=['target']).set_table_styles([
    dict(selector="th", props=[("font-size", "13px")]),
    dict(selector="td", props=[("font-size", "11px")]),
]).background_gradient().set_precision(3)
------------------


[0;31m---------------------------------------------------------------------------[0m
[0;31mAttributeError[0m                            Traceback (most recent call last)
Cell [0;32mIn[3], line 16[0m
[1;32m      6[0m sample_indices [38;5;241m=[39m [index [38;5;28;01mfor[39;00m i [38;5;129;01min[39;00m sample_indices [38;5;28;01mfor[39;00m index [38;5;129;01min[39;00m [38;5;28mrange[39m(i, i [38;5;241m+[39m [38;5;241m4[39m)]
[1;32m      8[0m [38;5;66;03m# Print data table (features and target)[39;00m
[1;32m      9[0m [43mdata[49m[38;5;241;43m.[39;49m[43miloc[49m[43m[[49m[43msample_indices[49m[43m,[49m[43m [49m[43m:[49m[43m][49m[38;5;241;43m.[39;49m[43mstyle[49m[38;5;241;43m.[39;49m[43mset_properties[49m[43m([49m[38;5;241;43m*[39;49m[38;5;241;43m*[39;49m[43m{[49m
[1;32m     10[0m [43m    [49m[38;5;124;43m"[39;49m[38;5;124;43mtext-align[39;49m[38;5;124;43m"[39;49m[43m:[49m[43m [49m[38;5;124;43m"[39;49m[38;5;124;43mcenter[39;49m[38;5;124;43m"[39;49m[43m,[49m
[1;32m     11[0m [43m}[49m[43m)[49m[38;5;241;43m.[39;49m[43mset_properties[49m[43m([49m[38;5;241;43m*[39;49m[38;5;241;43m*[39;49m[43m{[49m
[1;32m     12[0m [43m    [49m[38;5;124;43m"[39;49m[38;5;124;43mborder-left[39;49m[38;5;124;43m"[39;49m[43m:[49m[43m [49m[38;5;124;43m"[39;49m[38;5;124;43m4px solid black[39;49m[38;5;124;43m"[39;49m
[1;32m     13[0m [43m}[49m[43m,[49m[43m [49m[43msubset[49m[38;5;241;43m=[39;49m[43m[[49m[38;5;124;43m'[39;49m[38;5;124;43mtarget[39;49m[38;5;124;43m'[39;49m[43m][49m[43m)[49m[38;5;241;43m.[39;49m[43mset_table_styles[49m[43m([49m[43m[[49m
[1;32m     14[0m [43m    [49m[38;5;28;43mdict[39;49m[43m([49m[43mselector[49m[38;5;241;43m=[39;49m[38;5;124;43m"[39;49m[38;5;124;43mth[39;49m[38;5;124;43m"[39;49m[43m,[49m[43m [49m[43mprops[49m[38;5;241;43m=[39;49m[43m[[49m[43m([49m[38;5;124;43m"[39;49m[38;5;124;43mfont-size[39;49m[38;5;124;43m"[39;49m[43m,[49m[43m [49m[38;5;124;43m"[39;49m[38;5;124;43m13px[39;49m[38;5;124;43m"[39;49m[43m)[49m[43m][49m[43m)[49m[43m,[49m
[1;32m     15[0m [43m    [49m[38;5;28;43mdict[39;49m[43m([49m[43mselector[49m[38;5;241;43m=[39;49m[38;5;124;43m"[39;49m[38;5;124;43mtd[39;49m[38;5;124;43m"[39;49m[43m,[49m[43m [49m[43mprops[49m[38;5;241;43m=[39;49m[43m[[49m[43m([49m[38;5;124;43m"[39;49m[38;5;124;43mfont-size[39;49m[38;5;124;43m"[39;49m[43m,[49m[43m [49m[38;5;124;43m"[39;49m[38;5;124;43m11px[39;49m[38;5;124;43m"[39;49m[43m)[49m[43m][49m[43m)[49m[43m,[49m
[0;32m---> 16[0m [43m][49m[43m)[49m[38;5;241;43m.[39;49m[43mbackground_gradient[49m[43m([49m[43m)[49m[38;5;241;43m.[39;49m[43mset_precision[49m([38;5;241m3[39m)

[0;31mAttributeError[0m: 'Styler' object has no attribute 'set_precision'

